c:\users\gmwil_000\desktop\comp5900w\chaser_opengl\chaser\debug\vc120.pdb
c:\users\gmwil_000\desktop\comp5900w\chaser_opengl\chaser\debug\vc120.idb
c:\users\gmwil_000\desktop\comp5900w\chaser_opengl\chaser\debug\camera.obj
c:\users\gmwil_000\desktop\comp5900w\chaser_opengl\chaser\debug\car.obj
c:\users\gmwil_000\desktop\comp5900w\chaser_opengl\chaser\debug\chaser.obj
c:\users\gmwil_000\desktop\comp5900w\chaser_opengl\chaser\debug\gameapp.obj
c:\users\gmwil_000\desktop\comp5900w\chaser_opengl\chaser\debug\gameobject.obj
c:\users\gmwil_000\desktop\comp5900w\chaser_opengl\chaser\debug\house.obj
c:\users\gmwil_000\desktop\comp5900w\chaser_opengl\chaser\debug\main.obj
c:\users\gmwil_000\desktop\comp5900w\chaser_opengl\chaser\debug\meshsurface.obj
c:\users\gmwil_000\desktop\comp5900w\chaser_opengl\chaser\debug\prey.obj
c:\users\gmwil_000\desktop\comp5900w\chaser_opengl\chaser\debug\shader.obj
c:\users\gmwil_000\desktop\comp5900w\chaser_opengl\chaser\debug\skybox.obj
c:\users\gmwil_000\desktop\comp5900w\chaser_opengl\debug\chaser.ilk
c:\users\gmwil_000\desktop\comp5900w\chaser_opengl\debug\chaser.exe
c:\users\gmwil_000\desktop\comp5900w\chaser_opengl\debug\chaser.pdb
c:\users\gmwil_000\desktop\comp5900w\chaser_opengl\chaser\debug\chaser.tlog\cl.command.1.tlog
c:\users\gmwil_000\desktop\comp5900w\chaser_opengl\chaser\debug\chaser.tlog\cl.read.1.tlog
c:\users\gmwil_000\desktop\comp5900w\chaser_opengl\chaser\debug\chaser.tlog\cl.write.1.tlog
c:\users\gmwil_000\desktop\comp5900w\chaser_opengl\chaser\debug\chaser.tlog\link.command.1.tlog
c:\users\gmwil_000\desktop\comp5900w\chaser_opengl\chaser\debug\chaser.tlog\link.read.1.tlog
c:\users\gmwil_000\desktop\comp5900w\chaser_opengl\chaser\debug\chaser.tlog\link.write.1.tlog
