Build started 3/15/2015 5:59:25 PM.
     1>Project "C:\Users\gmwil_000\Desktop\COMP5900W\orginal\chaser_opengl\chaser\chaser.vcxproj" on node 2 (Build target(s)).
     1>ClCompile:
         E:\Program Files (x86)\VC\bin\CL.exe /c /I..\GL\include /I"%EXAMPLES_HOME%\GL\include" /ZI /nologo /W3 /WX- /Od /Oy- /D _CRT_SECURE_NO_DEPRECATE /D _MBCS /Gm /EHsc /RTC1 /MDd /GS /fp:precise /Zc:wchar_t /Zc:forScope /Fo"Debug\\" /Fd"Debug\vc120.pdb" /Gd /TP /analyze- /errorReport:prompt main.cpp
         main.cpp
       Link:
         E:\Program Files (x86)\VC\bin\link.exe /ERRORREPORT:PROMPT /OUT:"C:\Users\gmwil_000\Desktop\COMP5900W\orginal\chaser_opengl\Debug\chaser.exe" /INCREMENTAL /NOLOGO /LIBPATH:..\GL\lib freeglut.lib glew32.lib glew32s.lib soil.lib ws2_32.lib odbc32.lib odbccp32.lib kernel32.lib user32.lib gdi32.lib winspool.lib comdlg32.lib advapi32.lib shell32.lib ole32.lib oleaut32.lib uuid.lib odbc32.lib odbccp32.lib /MANIFEST /MANIFESTUAC:"level='asInvoker' uiAccess='false'" /manifest:embed /DEBUG /PDB:"C:\Users\gmwil_000\Desktop\COMP5900W\orginal\chaser_opengl\Debug\chaser.pdb" /TLBID:1 /DYNAMICBASE /NXCOMPAT /IMPLIB:"C:\Users\gmwil_000\Desktop\COMP5900W\orginal\chaser_opengl\Debug\chaser.lib" /MACHINE:X86 Debug\camera.obj
         Debug\car.obj
         Debug\chaser.obj
         Debug\client.obj
         Debug\gameApp.obj
         Debug\gameObject.obj
         Debug\House.obj
         Debug\main.obj
         Debug\meshSurface.obj
         Debug\Prey.obj
         Debug\Shader.obj
         Debug\SkyBox.obj
         chaser.vcxproj -> C:\Users\gmwil_000\Desktop\COMP5900W\orginal\chaser_opengl\Debug\chaser.exe
     1>Done Building Project "C:\Users\gmwil_000\Desktop\COMP5900W\orginal\chaser_opengl\chaser\chaser.vcxproj" (Build target(s)).

Build succeeded.

Time Elapsed 00:00:01.07
